<?xml version="1.0" encoding="UTF-8"?>
<!-- Generated by org.testng.reporters.JUnitReportReporter -->
<testsuite hostname="jefff-mac.lan" failures="0" tests="19" name="tests.XrayTest" time="10.615" errors="0" timestamp="18 Jun 2020 22:55:55 GMT" skipped="0">
  <testcase classname="tests.XrayTest" name="createIssueEventTest" time="0.622"/>
  <testcase classname="tests.XrayTest" name="updateIssueEventTest" time="0.429"/>
  <testcase classname="tests.XrayTest" name="createPolicyTest" time="0.389"/>
  <testcase classname="tests.XrayTest" name="updatePolicyTest" time="0.398"/>
  <testcase classname="tests.XrayTest" name="getPoliciesTest" time="0.243"/>
  <testcase classname="tests.XrayTest" name="createWatchTest" time="0.455"/>
  <testcase classname="tests.XrayTest" name="updateWatchTest" time="0.465"/>
  <testcase classname="tests.XrayTest" name="assignPolicyToWatchTest" time="0.240"/>
  <testcase classname="tests.XrayTest" name="deleteWatchTest" time="0.253"/>
  <testcase classname="tests.XrayTest" name="deletePolicyTest" time="0.228"/>
  <testcase classname="tests.XrayTest" name="integrationConfigurationTest" time="0.403"/>
  <testcase classname="tests.XrayTest" name="enableTLSRabbitMQTest" time="0.422"/>
  <testcase classname="tests.XrayTest" name="getBinaryManagerTest" time="0.241"/>
  <testcase classname="tests.XrayTest" name="getIndexingConfigurationTest" time="0.270"/>
  <testcase classname="tests.XrayTest" name="updateIndexingConfigurationTest" time="0.463"/>
  <testcase classname="tests.XrayTest" name="createSupportBundleTest" time="4.665"/>
  <testcase classname="tests.XrayTest" name="getSystemMonitoringTest" time="0.179"/>
  <testcase classname="tests.XrayTest" name="xrayPingRequestTest" time="0.115"/>
  <testcase classname="tests.XrayTest" name="xrayGetVersionTest" time="0.135"/>
</testsuite> <!-- tests.XrayTest -->
