<?xml version="1.0" encoding="UTF-8"?>
<!-- Generated by org.testng.reporters.JUnitReportReporter -->
<testsuite hostname="jefff-mac.lan" failures="0" tests="72" name="tests.SecurityTest" time="31.877" errors="0" timestamp="18 Jun 2020 22:55:55 GMT" skipped="0">
  <testcase classname="tests.SecurityTest" name="createUsersTest" time="0.402"/>
  <testcase classname="tests.SecurityTest" name="createUsersTest" time="0.405"/>
  <testcase classname="tests.SecurityTest" name="createUsersTest" time="0.467"/>
  <testcase classname="tests.SecurityTest" name="createUsersTest" time="0.422"/>
  <testcase classname="tests.SecurityTest" name="createUsersTest" time="0.480"/>
  <testcase classname="tests.SecurityTest" name="createUsersTest" time="0.409"/>
  <testcase classname="tests.SecurityTest" name="createUsersTest" time="0.385"/>
  <testcase classname="tests.SecurityTest" name="createUsersTest" time="0.419"/>
  <testcase classname="tests.SecurityTest" name="createUsersTest" time="0.417"/>
  <testcase classname="tests.SecurityTest" name="createUsersTest" time="0.498"/>
  <testcase classname="tests.SecurityTest" name="verifyUsersTest" time="0.324"/>
  <testcase classname="tests.SecurityTest" name="verifyUsersTest" time="0.394"/>
  <testcase classname="tests.SecurityTest" name="verifyUsersTest" time="0.311"/>
  <testcase classname="tests.SecurityTest" name="verifyUsersTest" time="0.312"/>
  <testcase classname="tests.SecurityTest" name="verifyUsersTest" time="0.337"/>
  <testcase classname="tests.SecurityTest" name="verifyUsersTest" time="0.313"/>
  <testcase classname="tests.SecurityTest" name="verifyUsersTest" time="0.337"/>
  <testcase classname="tests.SecurityTest" name="verifyUsersTest" time="0.322"/>
  <testcase classname="tests.SecurityTest" name="verifyUsersTest" time="0.338"/>
  <testcase classname="tests.SecurityTest" name="verifyUsersTest" time="0.331"/>
  <testcase classname="tests.SecurityTest" name="generateAPIKeysTest" time="0.467"/>
  <testcase classname="tests.SecurityTest" name="generateAPIKeysTest" time="0.472"/>
  <testcase classname="tests.SecurityTest" name="generateAPIKeysTest" time="0.442"/>
  <testcase classname="tests.SecurityTest" name="generateAPIKeysTest" time="0.463"/>
  <testcase classname="tests.SecurityTest" name="generateAPIKeysTest" time="0.479"/>
  <testcase classname="tests.SecurityTest" name="generateAPIKeysTest" time="0.816"/>
  <testcase classname="tests.SecurityTest" name="generateAPIKeysTest" time="0.457"/>
  <testcase classname="tests.SecurityTest" name="generateAPIKeysTest" time="0.499"/>
  <testcase classname="tests.SecurityTest" name="generateAPIKeysTest" time="0.448"/>
  <testcase classname="tests.SecurityTest" name="generateAPIKeysTest" time="0.543"/>
  <testcase classname="tests.SecurityTest" name="regenerateAPIKeysTest" time="0.450"/>
  <testcase classname="tests.SecurityTest" name="regenerateAPIKeysTest" time="0.474"/>
  <testcase classname="tests.SecurityTest" name="regenerateAPIKeysTest" time="0.473"/>
  <testcase classname="tests.SecurityTest" name="regenerateAPIKeysTest" time="0.457"/>
  <testcase classname="tests.SecurityTest" name="regenerateAPIKeysTest" time="0.448"/>
  <testcase classname="tests.SecurityTest" name="regenerateAPIKeysTest" time="0.450"/>
  <testcase classname="tests.SecurityTest" name="regenerateAPIKeysTest" time="0.479"/>
  <testcase classname="tests.SecurityTest" name="regenerateAPIKeysTest" time="0.476"/>
  <testcase classname="tests.SecurityTest" name="regenerateAPIKeysTest" time="0.447"/>
  <testcase classname="tests.SecurityTest" name="regenerateAPIKeysTest" time="0.422"/>
  <testcase classname="tests.SecurityTest" name="createGroupTest" time="0.614"/>
  <testcase classname="tests.SecurityTest" name="createGroupTest" time="0.654"/>
  <testcase classname="tests.SecurityTest" name="createGroupTest" time="0.599"/>
  <testcase classname="tests.SecurityTest" name="createGroupTest" time="0.647"/>
  <testcase classname="tests.SecurityTest" name="createGroupTest" time="0.620"/>
  <testcase classname="tests.SecurityTest" name="createGroupTest" time="0.629"/>
  <testcase classname="tests.SecurityTest" name="createGroupTest" time="0.617"/>
  <testcase classname="tests.SecurityTest" name="createGroupTest" time="0.634"/>
  <testcase classname="tests.SecurityTest" name="createGroupTest" time="0.629"/>
  <testcase classname="tests.SecurityTest" name="createGroupTest" time="0.656"/>
  <testcase classname="tests.SecurityTest" name="createPermissionsTest" time="0.912"/>
  <testcase classname="tests.SecurityTest" name="deletePermissionsTest" time="0.375"/>
  <testcase classname="tests.SecurityTest" name="deleteUserTest" time="0.350"/>
  <testcase classname="tests.SecurityTest" name="deleteUserTest" time="0.334"/>
  <testcase classname="tests.SecurityTest" name="deleteUserTest" time="0.337"/>
  <testcase classname="tests.SecurityTest" name="deleteUserTest" time="0.403"/>
  <testcase classname="tests.SecurityTest" name="deleteUserTest" time="0.350"/>
  <testcase classname="tests.SecurityTest" name="deleteUserTest" time="0.412"/>
  <testcase classname="tests.SecurityTest" name="deleteUserTest" time="0.347"/>
  <testcase classname="tests.SecurityTest" name="deleteUserTest" time="0.350"/>
  <testcase classname="tests.SecurityTest" name="deleteUserTest" time="0.400"/>
  <testcase classname="tests.SecurityTest" name="deleteUserTest" time="0.379"/>
  <testcase classname="tests.SecurityTest" name="deleteGroupTest" time="0.335"/>
  <testcase classname="tests.SecurityTest" name="deleteGroupTest" time="0.338"/>
  <testcase classname="tests.SecurityTest" name="deleteGroupTest" time="0.324"/>
  <testcase classname="tests.SecurityTest" name="deleteGroupTest" time="0.333"/>
  <testcase classname="tests.SecurityTest" name="deleteGroupTest" time="0.407"/>
  <testcase classname="tests.SecurityTest" name="deleteGroupTest" time="0.326"/>
  <testcase classname="tests.SecurityTest" name="deleteGroupTest" time="0.319"/>
  <testcase classname="tests.SecurityTest" name="deleteGroupTest" time="0.322"/>
  <testcase classname="tests.SecurityTest" name="deleteGroupTest" time="0.327"/>
  <testcase classname="tests.SecurityTest" name="deleteGroupTest" time="0.313"/>
</testsuite> <!-- tests.SecurityTest -->
