<?xml version="1.0" encoding="UTF-8"?>
<!-- Generated by org.testng.reporters.JUnitReportReporter -->
<testsuite hostname="jefff-mac.lan" failures="0" tests="6" name="tests.RepositoryTest" time="52.675" errors="0" timestamp="18 Jun 2020 22:55:55 GMT" skipped="0">
  <testcase classname="tests.RepositoryTest" name="deleteReposTest" time="1.476"/>
  <testcase classname="tests.RepositoryTest" name="createDefaultHAReposTest" time="3.271"/>
  <testcase classname="tests.RepositoryTest" name="checkDefaultHAReposTest" time="0.488"/>
  <testcase classname="tests.RepositoryTest" name="deleteDefaultReposTest" time="44.317"/>
  <testcase classname="tests.RepositoryTest" name="checkReposAreDeleted" time="0.239"/>
  <testcase classname="tests.RepositoryTest" name="reCreateDefaultHAReposTest" time="2.884"/>
</testsuite> <!-- tests.RepositoryTest -->
