<?xml version="1.0" encoding="UTF-8"?>
<!-- Generated by org.testng.reporters.JUnitReportReporter -->
<testsuite hostname="jefff-mac.lan" failures="0" tests="2" name="tests.HealthCheckTest" time="1.481" errors="0" timestamp="18 Jun 2020 22:55:55 GMT" skipped="0">
  <testcase classname="tests.HealthCheckTest" name="healthCheckTest" time="1.254"/>
  <testcase classname="tests.HealthCheckTest" name="pingTest" time="0.227"/>
</testsuite> <!-- tests.HealthCheckTest -->
