<?xml version="1.0" encoding="UTF-8"?>
<testsuite name="tests.HealthCheckTest" tests="2" skipped="0" failures="0" errors="0" timestamp="2020-06-18T22:54:18" hostname="jefff-mac.lan" time="1.482">
  <properties/>
  <testcase name="healthCheckTest" classname="tests.HealthCheckTest" time="1.254"/>
  <testcase name="pingTest" classname="tests.HealthCheckTest" time="0.227"/>
  <system-out><![CDATA[- Health check. Service "jfac@01eb4sc7vmyn3y1958z2jp16t6" on node "79bb5ca64ee44569aaac94846a7258d2" is healthy
- Health check. Service "jffe@000" on node "79bb5ca64ee44569aaac94846a7258d2" is healthy
- Health check. Service "jfmd@01eb4scm5ggcgsx207xjtr181p" on node "79bb5ca64ee44569aaac94846a7258d2" is healthy
- Health check. Service "jfrt@01eb4scnq0vk430wzk9v2f1syf" on node "79bb5ca64ee44569aaac94846a7258d2" is healthy
- Ping test. Service is OK
]]></system-out>
  <system-err><![CDATA[]]></system-err>
</testsuite>
