<?xml version="1.0" encoding="UTF-8"?>
<testsuite name="tests.RepositoryTest" tests="6" skipped="0" failures="0" errors="0" timestamp="2020-06-18T22:54:19" hostname="jefff-mac.lan" time="52.677">
  <properties/>
  <testcase name="deleteReposTest" classname="tests.RepositoryTest" time="1.476"/>
  <testcase name="createDefaultHAReposTest" classname="tests.RepositoryTest" time="3.271"/>
  <testcase name="checkDefaultHAReposTest" classname="tests.RepositoryTest" time="0.488"/>
  <testcase name="deleteDefaultReposTest" classname="tests.RepositoryTest" time="44.317"/>
  <testcase name="checkReposAreDeleted" classname="tests.RepositoryTest" time="0.239"/>
  <testcase name="reCreateDefaultHAReposTest" classname="tests.RepositoryTest" time="2.884"/>
  <system-out><![CDATA[- Delete sample HA repositories. All repositories were successfully deleted
383 changes to config merged successfully
- Create repositories for HA distribution. Successfully created
Number of created repositories is 84
- Verify HA repos were created. 84 repositories were created
- Delete HA repositories. All repositories were successfully deleted
- Verify repo were deleted. 0 repositories remain
383 changes to config merged successfully
- Re-create repositories for HA distribution. Successfully created
]]></system-out>
  <system-err><![CDATA[]]></system-err>
</testsuite>
